<?xml version="1.0" encoding="UTF-8"?>
<!-- Generated by org.testng.reporters.JUnitXMLReporter -->
<testsuite ignored="0" hostname="MSI" failures="1" tests="1" name="Default test" time="6.783" errors="0" timestamp="2024-09-29T13:01:08 WIB">
  <testcase classname="io.cucumber.testng.AbstractTestNGCucumberTests" name="runScenario" time="6.077">
    <failure type="io.cucumber.java.PendingException" message="TODO: implement me">
      <![CDATA[io.cucumber.java.PendingException: TODO: implement me
at StepsDefinition.stepsDefinition.user_click_apply_now(stepsDefinition.java:44)
at ✽.User click Apply Now(file:///C:/Users/athlo/OneDrive/Documents/automationproject/Forestai/src/test/resources/Features/career.feature:7)
]]>
    </failure>
  </testcase> <!-- runScenario -->
</testsuite> <!-- Default test -->
