<?xml version="1.0" encoding="UTF-8"?>
<testng-results ignored="0" total="1" passed="0" failed="1" skipped="0">
  <reporter-output>
  </reporter-output>
  <suite started-at="2024-09-29T13:01:02 WIB" name="Default suite" finished-at="2024-09-29T13:01:08 WIB" duration-ms="6783">
    <groups>
      <group name="cucumber">
        <method signature="AbstractTestNGCucumberTests.runScenario(io.cucumber.testng.PickleWrapper,io.cucumber.testng.FeatureWrapper)[pri:0, instance:TestRunner.CucumberTestRunner@4e50c791]" name="runScenario" class="io.cucumber.testng.AbstractTestNGCucumberTests"/>
      </group> <!-- cucumber -->
    </groups>
    <test started-at="2024-09-29T13:01:02 WIB" name="Default test" finished-at="2024-09-29T13:01:08 WIB" duration-ms="6783">
      <class name="TestRunner.CucumberTestRunner">
        <test-method is-config="true" signature="setUpClass(org.testng.ITestContext)[pri:0, instance:TestRunner.CucumberTestRunner@4e50c791]" started-at="2024-09-29T13:01:02 WIB" name="setUpClass" finished-at="2024-09-29T13:01:02 WIB" duration-ms="636" status="PASS">
          <params>
            <param index="0">
              <value>
                <![CDATA[org.testng.TestRunner@563a89b5]]>
              </value>
            </param>
          </params>
          <reporter-output>
          </reporter-output>
        </test-method> <!-- setUpClass -->
        <test-method signature="runScenario(io.cucumber.testng.PickleWrapper,io.cucumber.testng.FeatureWrapper)[pri:0, instance:TestRunner.CucumberTestRunner@4e50c791]" started-at="2024-09-29T13:01:02 WIB" name="runScenario" description="Runs Cucumber Scenarios" data-provider="scenarios" finished-at="2024-09-29T13:01:08 WIB" duration-ms="6077" status="FAIL">
          <params>
            <param index="0">
              <value>
                <![CDATA["Apply Job for Senior Software Engineer"]]>
              </value>
            </param>
            <param index="1">
              <value>
                <![CDATA["Login page automation of forestai career page"]]>
              </value>
            </param>
          </params>
          <exception class="io.cucumber.java.PendingException">
            <message>
              <![CDATA[TODO: implement me]]>
            </message>
            <full-stacktrace>
              <![CDATA[io.cucumber.java.PendingException: TODO: implement me
at StepsDefinition.stepsDefinition.user_click_apply_now(stepsDefinition.java:44)
at ✽.User click Apply Now(file:///C:/Users/athlo/OneDrive/Documents/automationproject/Forestai/src/test/resources/Features/career.feature:7)
]]>
            </full-stacktrace>
          </exception> <!-- io.cucumber.java.PendingException -->
          <reporter-output>
          </reporter-output>
        </test-method> <!-- runScenario -->
        <test-method is-config="true" signature="tearDownClass()[pri:0, instance:TestRunner.CucumberTestRunner@4e50c791]" started-at="2024-09-29T13:01:08 WIB" name="tearDownClass" finished-at="2024-09-29T13:01:08 WIB" duration-ms="21" status="PASS">
          <reporter-output>
          </reporter-output>
        </test-method> <!-- tearDownClass -->
      </class> <!-- TestRunner.CucumberTestRunner -->
    </test> <!-- Default test -->
  </suite> <!-- Default suite -->
</testng-results>
