<?xml version="1.0" encoding="UTF-8"?>
<!-- Generated by org.testng.reporters.JUnitReportReporter -->
<testsuite hostname="MSI" failures="0" tests="1" name="TestRunner.CucumberTestRunner" time="6.077" errors="1" timestamp="2024-09-29T13:01:09 WIB" skipped="0">
  <testcase classname="TestRunner.CucumberTestRunner" name="runScenario" time="6.077">
    <error message="TODO: implement me" type="io.cucumber.java.PendingException">
      <![CDATA[io.cucumber.java.PendingException: TODO: implement me
at StepsDefinition.stepsDefinition.user_click_apply_now(stepsDefinition.java:44)
at ✽.User click Apply Now(file:///C:/Users/athlo/OneDrive/Documents/automationproject/Forestai/src/test/resources/Features/career.feature:7)
]]>
    </error>
  </testcase> <!-- runScenario -->
</testsuite> <!-- TestRunner.CucumberTestRunner -->
